<?xml version="1.0" encoding="UTF-8"?>
<!-- Generated by org.testng.reporters.JUnitReportReporter -->
<testsuite skipped="0" hostname="SRBGRZWM53" name="tests.SmartExcel" tests="2" failures="0" timestamp="2022-03-17T14:24:47 CET" time="6.063" errors="0">
  <testcase name="smartCom" time="4.781" classname="tests.SmartExcel"/>
  <system-out/>
  <testcase name="smartCom2" time="1.282" classname="tests.SmartExcel"/>
  <system-out/>
</testsuite> <!-- tests.SmartExcel -->
