<?xml version="1.0" encoding="UTF-8"?>
<!-- Generated by org.testng.reporters.JUnitReportReporter -->
<testsuite skipped="0" hostname="SRBGRZWM53" name="tests.SmartExcel" tests="1" failures="0" timestamp="2021-08-26T10:30:36 CEST" time="3.030" errors="0">
  <testcase name="smartCom" time="3.030" classname="tests.SmartExcel"/>
  <system-out/>
</testsuite> <!-- tests.SmartExcel -->
